<?xml version="1.0" encoding="UTF-8"?>
<!-- Generated by org.testng.reporters.JUnitReportReporter -->
<testsuite skipped="0" hostname="DESKTOP-I2FKUVF" name="Twitter.CreateTweet" tests="1" failures="0" timestamp="03 Jun 2018 12:52:12 GMT" time="3.811" errors="0">
  <testcase name="getLatestTweet" time="3.811" classname="Twitter.CreateTweet"/>
</testsuite> <!-- Twitter.CreateTweet -->
