<?xml version="1.0" encoding="UTF-8"?>
<!-- Generated by org.testng.reporters.JUnitReportReporter -->
<testsuite skipped="0" hostname="DESKTOP-I2FKUVF" name="ParsingJSONToExtractValues" tests="1" failures="0" timestamp="02 Jun 2018 10:58:16 GMT" time="3.645" errors="0">
  <testcase name="Test" time="3.645" classname="ParsingJSONToExtractValues"/>
</testsuite> <!-- ParsingJSONToExtractValues -->
