<?xml version="1.0" encoding="UTF-8"?>
<!-- Generated by org.testng.reporters.JUnitReportReporter -->
<testsuite skipped="0" hostname="DESKTOP-I2FKUVF" name="GetRequest" tests="1" failures="0" timestamp="03 Jun 2018 12:07:32 GMT" time="3.125" errors="0">
  <testcase name="Test" time="3.125" classname="GetRequest"/>
</testsuite> <!-- GetRequest -->
