<?xml version="1.0" encoding="UTF-8"?>
<!-- Generated by org.testng.reporters.JUnitReportReporter -->
<testsuite skipped="0" hostname="DESKTOP-I2FKUVF" name="Log" tests="1" failures="0" timestamp="02 Jun 2018 11:21:40 GMT" time="3.481" errors="0">
  <testcase name="Test" time="3.481" classname="Log"/>
</testsuite> <!-- Log -->
