<?xml version="1.0" encoding="UTF-8"?>
<!-- Generated by org.testng.reporters.JUnitReportReporter -->
<testsuite skipped="0" hostname="DESKTOP-I2FKUVF" name="AddAndDeletePlaceXML" tests="1" failures="0" timestamp="02 Jun 2018 08:08:39 GMT" time="2.994" errors="0">
  <testcase name="postData" time="2.994" classname="AddAndDeletePlaceXML"/>
</testsuite> <!-- AddAndDeletePlaceXML -->
