<?xml version="1.0" encoding="UTF-8"?>
<!-- Generated by org.testng.reporters.JUnitReportReporter -->
<testsuite skipped="0" hostname="DESKTOP-I2FKUVF" name="AddAndDeletePlace" tests="1" failures="0" timestamp="02 Jun 2018 06:25:44 GMT" time="4.377" errors="0">
  <testcase name="postData" time="4.377" classname="AddAndDeletePlace"/>
</testsuite> <!-- AddAndDeletePlace -->
