<?xml version="1.0" encoding="UTF-8"?>
<!-- Generated by org.testng.reporters.JUnitReportReporter -->
<testsuite skipped="0" hostname="DESKTOP-I2FKUVF" name="AddCommentJira" tests="1" failures="0" timestamp="02 Jun 2018 19:59:15 GMT" time="3.048" errors="0">
  <testcase name="postData" time="3.048" classname="AddCommentJira"/>
</testsuite> <!-- AddCommentJira -->
