<?xml version="1.0" encoding="UTF-8"?>
<!-- Generated by org.testng.reporters.JUnitReportReporter -->
<testsuite skipped="0" hostname="DESKTOP-I2FKUVF" name="UpdateCommentJira" tests="1" failures="0" timestamp="03 Jun 2018 06:43:40 GMT" time="2.701" errors="0">
  <testcase name="postData" time="2.701" classname="UpdateCommentJira"/>
</testsuite> <!-- UpdateCommentJira -->
