<?xml version="1.0" encoding="UTF-8"?>
<!-- Generated by org.testng.reporters.JUnitReportReporter -->
<testsuite skipped="0" hostname="DESKTOP-I2FKUVF" name="Twitter.CreateAndDeleteTweet" tests="1" failures="0" timestamp="04 Jun 2018 18:23:47 GMT" time="6.040" errors="0">
  <testcase name="DeleteTweet" time="6.040" classname="Twitter.CreateAndDeleteTweet"/>
</testsuite> <!-- Twitter.CreateAndDeleteTweet -->
